<?xml version="1.0" encoding="UTF-8"?>
<!-- Generated by org.testng.reporters.JUnitXMLReporter -->
<testsuite ignored="0" hostname="DESKTOP-MNGQGRB" failures="0" tests="6" name="Chrome1Test" time="3.253" errors="0" timestamp="2025-07-03T19:00:41 IST">
  <testcase classname="tests.TC_003_AddContactTest" name="AddContactTest" time="0.001">
    <skipped/>
  </testcase> <!-- AddContactTest -->
  <testcase classname="tests.TC_003_AddContactTest" name="AddContactTest" time="0.0">
    <skipped/>
  </testcase> <!-- AddContactTest -->
  <testcase classname="tests.TC_003_AddContactTest" name="AddContactTest" time="0.0">
    <skipped/>
  </testcase> <!-- AddContactTest -->
  <testcase classname="tests.TC_003_AddContactTest" name="AddContactTest" time="0.0">
    <skipped/>
  </testcase> <!-- AddContactTest -->
  <testcase classname="tests.TC_003_AddContactTest" name="Edit_Contact" time="0.0">
    <skipped/>
  </testcase> <!-- Edit_Contact -->
  <testcase classname="tests.TC_003_AddContactTest" name="Navigtn_Security" time="0.0">
    <skipped/>
  </testcase> <!-- Navigtn_Security -->
</testsuite> <!-- Chrome1Test -->
