<?xml version="1.0" encoding="UTF-8"?>
<!-- Generated by org.testng.reporters.JUnitXMLReporter -->
<testsuite ignored="0" hostname="DESKTOP-MNGQGRB" failures="1" tests="1" name="Test" time="2.202" errors="0" timestamp="2025-06-24T07:22:02 IST">
  <testcase classname="tests.TC_002_LoginTest" name="@AfterTest DataConClose" time="0.002">
    <failure type="java.lang.NullPointerException" message="Cannot invoke &amp;quot;java.io.FileOutputStream.close()&amp;quot; because &amp;quot;utils.utility.Output&amp;quot; is null">
      <![CDATA[java.lang.NullPointerException: Cannot invoke "java.io.FileOutputStream.close()" because "utils.utility.Output" is null
at utils.utility.propClose(utility.java:76)
at tests.TC_002_LoginTest.DataConClose(TC_002_LoginTest.java:37)
... Removed 22 stack frames]]>
    </failure>
  </testcase> <!-- @AfterTest DataConClose -->
  <testcase classname="tests.TC_002_LoginTest" name="LoginTest" time="2.07">
    <failure type="java.lang.NullPointerException" message="Cannot invoke &amp;quot;java.util.List.contains(Object)&amp;quot; because the return value of &amp;quot;java.util.Map.get(Object)&amp;quot; is null">
      <![CDATA[java.lang.NullPointerException: Cannot invoke "java.util.List.contains(Object)" because the return value of "java.util.Map.get(Object)" is null
at java.base/java.util.ArrayList.forEach(ArrayList.java:1596)
... Removed 30 stack frames]]>
    </failure>
  </testcase> <!-- LoginTest -->
</testsuite> <!-- Test -->
