<?xml version="1.0" encoding="UTF-8"?>
<testsuite xmlns:xsi="http://www.w3.org/2001/XMLSchema-instance" xsi:noNamespaceSchemaLocation="https://maven.apache.org/surefire/maven-surefire-plugin/xsd/surefire-test-report-3.0.xsd" version="3.0" name="TestSuite" time="214.227" tests="23" errors="0" skipped="0" failures="5">
  <properties>
[...]
</properties>
  <testcase name="signUpTest[Nandhini, Balakrishnan, nandhini558@gmail.com, Niki@121113, ValidEmailValidPassword](1)" classname="tests.TC_001_SignUpTest" time="1.824">
    <system-out><![CDATA[2025-07-06T08:58:23.525570200Z main ERROR Log4j2 could not find a logging implementation. Please add log4j-core to the classpath. Using SimpleLogger to log to the console...
Nandhini|Balakrishnan|nandhini558@gmail.com|Niki@121113|ValidEmailValidPassword|
Nandhini|Balakrishnan|nandhini558@gmail.com|Niki@121113|EmailAddressAlreadyInUse|
Nandhini|Balakrishnan|||EmailInvalidPassRequired|
Nandhini||nandhini558@gmail.com|Niki@121113|LastnameRequired|
Nandhini|Balakrishnan|name@name|Niki@121113|EmailInvalidFormat|
Nandhini|Balakrishnan|nandhini558@gmail.com||PasswordRequired|
|||||
SignUp Successfull
]]></system-out>
    <system-err><![CDATA[SLF4J(W): No SLF4J providers were found.
SLF4J(W): Defaulting to no-operation (NOP) logger implementation
SLF4J(W): See https://www.slf4j.org/codes.html#noProviders for further details.
Jul 06, 2025 2:28:33 PM org.openqa.selenium.devtools.CdpVersionFinder findNearestMatch
WARNING: Unable to find an exact match for CDP version 138, returning the closest version; found: 137; Please update to a Selenium version that supports CDP version 138
]]></system-err>
  </testcase>
  <testcase name="signUpTest[Nandhini, Balakrishnan, nandhini558@gmail.com, Niki@121113, EmailAddressAlreadyInUse](2)" classname="tests.TC_001_SignUpTest" time="3.638">
    <system-out><![CDATA[Login Failed with Message: Email address is already in use
]]></system-out>
    <system-err><![CDATA[Jul 06, 2025 2:28:38 PM org.openqa.selenium.devtools.CdpVersionFinder findNearestMatch
WARNING: Unable to find an exact match for CDP version 138, returning the closest version; found: 137; Please update to a Selenium version that supports CDP version 138
]]></system-err>
  </testcase>
  <testcase name="signUpTest[Nandhini, Balakrishnan, , , EmailInvalidPassRequired](3)" classname="tests.TC_001_SignUpTest" time="3.645">
    <system-out><![CDATA[Login Failed with Message: User validation failed: email: Email is invalid, password: Path `password` is required.
]]></system-out>
    <system-err><![CDATA[Jul 06, 2025 2:28:47 PM org.openqa.selenium.devtools.CdpVersionFinder findNearestMatch
WARNING: Unable to find an exact match for CDP version 138, returning the closest version; found: 137; Please update to a Selenium version that supports CDP version 138
]]></system-err>
  </testcase>
  <testcase name="signUpTest[Nandhini, , nandhini558@gmail.com, Niki@121113, LastnameRequired](4)" classname="tests.TC_001_SignUpTest" time="3.584">
    <system-out><![CDATA[Login Failed with Message: User validation failed: lastName: Path `lastName` is required.
]]></system-out>
    <system-err><![CDATA[Jul 06, 2025 2:28:55 PM org.openqa.selenium.devtools.CdpVersionFinder findNearestMatch
WARNING: Unable to find an exact match for CDP version 138, returning the closest version; found: 137; Please update to a Selenium version that supports CDP version 138
]]></system-err>
  </testcase>
  <testcase name="signUpTest[Nandhini, Balakrishnan, name@name, Niki@121113, EmailInvalidFormat](5)" classname="tests.TC_001_SignUpTest" time="3.587">
    <system-out><![CDATA[Login Failed with Message: User validation failed: email: Email is invalid
]]></system-out>
    <system-err><![CDATA[Jul 06, 2025 2:29:02 PM org.openqa.selenium.devtools.CdpVersionFinder findNearestMatch
WARNING: Unable to find an exact match for CDP version 138, returning the closest version; found: 137; Please update to a Selenium version that supports CDP version 138
]]></system-err>
  </testcase>
  <testcase name="signUpTest[Nandhini, Balakrishnan, nandhini558@gmail.com, , PasswordRequired](6)" classname="tests.TC_001_SignUpTest" time="3.595">
    <system-out><![CDATA[Login Failed with Message: User validation failed: password: Path `password` is required.
]]></system-out>
    <system-err><![CDATA[Jul 06, 2025 2:29:10 PM org.openqa.selenium.devtools.CdpVersionFinder findNearestMatch
WARNING: Unable to find an exact match for CDP version 138, returning the closest version; found: 137; Please update to a Selenium version that supports CDP version 138
]]></system-err>
  </testcase>
  <testcase name="signUpTest[, , , , ](7)" classname="tests.TC_001_SignUpTest" time="1.436">
    <system-err><![CDATA[Jul 06, 2025 2:29:17 PM org.openqa.selenium.devtools.CdpVersionFinder findNearestMatch
WARNING: Unable to find an exact match for CDP version 138, returning the closest version; found: 137; Please update to a Selenium version that supports CDP version 138
]]></system-err>
  </testcase>
  <testcase name="LoginTest[nandhini555@gmail.com, Niki@121113, true](1)" classname="tests.TC_002_LoginTest" time="0.823">
    <system-out><![CDATA[nandhini555@gmail.com|Niki@121113|true|
nandhini555@gmail.com|abcd123|false|
||false|
user.com|Niki@121113|false|
Successfully landed into Contact List Page
]]></system-out>
    <system-err><![CDATA[Jul 06, 2025 2:29:22 PM org.openqa.selenium.devtools.CdpVersionFinder findNearestMatch
WARNING: Unable to find an exact match for CDP version 138, returning the closest version; found: 137; Please update to a Selenium version that supports CDP version 138
]]></system-err>
  </testcase>
  <testcase name="LoginTest[nandhini555@gmail.com, abcd123, false](2)" classname="tests.TC_002_LoginTest" time="5.687">
    <system-out><![CDATA[Login Failed Incorrect username or password
]]></system-out>
    <system-err><![CDATA[Jul 06, 2025 2:29:27 PM org.openqa.selenium.devtools.CdpVersionFinder findNearestMatch
WARNING: Unable to find an exact match for CDP version 138, returning the closest version; found: 137; Please update to a Selenium version that supports CDP version 138
]]></system-err>
  </testcase>
  <testcase name="LoginTest[, , false](3)" classname="tests.TC_002_LoginTest" time="5.616">
    <system-out><![CDATA[Login Failed Incorrect username or password
]]></system-out>
    <system-err><![CDATA[Jul 06, 2025 2:29:36 PM org.openqa.selenium.devtools.CdpVersionFinder findNearestMatch
WARNING: Unable to find an exact match for CDP version 138, returning the closest version; found: 137; Please update to a Selenium version that supports CDP version 138
]]></system-err>
  </testcase>
  <testcase name="LoginTest[user.com, Niki@121113, false](4)" classname="tests.TC_002_LoginTest" time="5.712">
    <system-out><![CDATA[Login Failed Incorrect username or password
]]></system-out>
    <system-err><![CDATA[Jul 06, 2025 2:29:46 PM org.openqa.selenium.devtools.CdpVersionFinder findNearestMatch
WARNING: Unable to find an exact match for CDP version 138, returning the closest version; found: 137; Please update to a Selenium version that supports CDP version 138
]]></system-err>
  </testcase>
  <testcase name="passwordFieldMask" classname="tests.TC_002_LoginTest" time="0.213">
    <system-out><![CDATA[Password is Masked
]]></system-out>
    <system-err><![CDATA[Jul 06, 2025 2:29:55 PM org.openqa.selenium.devtools.CdpVersionFinder findNearestMatch
WARNING: Unable to find an exact match for CDP version 138, returning the closest version; found: 137; Please update to a Selenium version that supports CDP version 138
]]></system-err>
  </testcase>
  <testcase name="AddContactTest[Nandhini, Balakrishnan, 1992-01-28, nandhini555@gmail.com, 9597177550, 103/209_ER Road, VKL, Tiruppur, Tamilnadu, 638111, India, Valid Credential](1)" classname="tests.TC_003_AddContactTest" time="6.285">
    <system-out><![CDATA[Nandhini|Balakrishnan|1992-01-28|nandhini555@gmail.com|9597177550|103/209_ER Road|VKL|Tiruppur|Tamilnadu|638111|India|Valid Credential|
||1992-01-28|nandhini555@gmail.com|9597177550|103/209_ER Road|VKL|Tiruppur|Tamilnadu|638111|India|FirstNameAndLastName|
Nandhini|Balakrishnan|1992-01-28|nandhini555@gmail.com|abcde|103/209_ER Road|VKL|Tiruppur|Tamilnadu|638111|India|PhoneNumber Invalid|
Nandhini|Balakrishnan|1992-01-28|nandhini555@gmail.com|9597177550|103/209_ER Road|VKL|Tiruppur|Tamilnadu|638111|India|Duplicate credential|
Valid credential - added successfully
Verified : New Contact added into the Table
Returning to Add_Contact Page

Verified - Fields are cleared for new Entry
]]></system-out>
    <system-err><![CDATA[Jul 06, 2025 2:29:59 PM org.openqa.selenium.devtools.CdpVersionFinder findNearestMatch
WARNING: Unable to find an exact match for CDP version 138, returning the closest version; found: 137; Please update to a Selenium version that supports CDP version 138
]]></system-err>
  </testcase>
  <testcase name="AddContactTest[, , 1992-01-28, nandhini555@gmail.com, 9597177550, 103/209_ER Road, VKL, Tiruppur, Tamilnadu, 638111, India, FirstNameAndLastName](2)" classname="tests.TC_003_AddContactTest" time="5.785">
    <system-out><![CDATA[Contact validation failed: firstName: Path `firstName` is required., lastName: Path `lastName` is required.
]]></system-out>
    <system-err><![CDATA[Jul 06, 2025 2:30:09 PM org.openqa.selenium.devtools.CdpVersionFinder findNearestMatch
WARNING: Unable to find an exact match for CDP version 138, returning the closest version; found: 137; Please update to a Selenium version that supports CDP version 138
]]></system-err>
  </testcase>
  <testcase name="AddContactTest[Nandhini, Balakrishnan, 1992-01-28, nandhini555@gmail.com, abcde, 103/209_ER Road, VKL, Tiruppur, Tamilnadu, 638111, India, PhoneNumber Invalid](3)" classname="tests.TC_003_AddContactTest" time="5.983">
    <system-out><![CDATA[Contact validation failed: phone: Phone number is invalid
]]></system-out>
    <system-err><![CDATA[Jul 06, 2025 2:30:18 PM org.openqa.selenium.devtools.CdpVersionFinder findNearestMatch
WARNING: Unable to find an exact match for CDP version 138, returning the closest version; found: 137; Please update to a Selenium version that supports CDP version 138
]]></system-err>
  </testcase>
  <testcase name="AddContactTest[Nandhini, Balakrishnan, 1992-01-28, nandhini555@gmail.com, 9597177550, 103/209_ER Road, VKL, Tiruppur, Tamilnadu, 638111, India, Duplicate credential](4)" classname="tests.TC_003_AddContactTest" time="3.942">
    <system-out><![CDATA[Adding Duplicate contact - added successfully
]]></system-out>
    <system-err><![CDATA[Jul 06, 2025 2:30:28 PM org.openqa.selenium.devtools.CdpVersionFinder findNearestMatch
WARNING: Unable to find an exact match for CDP version 138, returning the closest version; found: 137; Please update to a Selenium version that supports CDP version 138
]]></system-err>
  </testcase>
  <testcase name="Edit_Contact" classname="tests.TC_003_AddContactTest" time="25.941">
    <system-out><![CDATA[Successfully navigated to Contact Details page!
Updated Email address is :abcd123@gmail.com
Contact Details Page displayed
Changes are not updated. So the old Email is abcd123@gmail.com
Validation failed: lastName: Path `lastName` is required.

DELETE CONTACT FEATURE
No: of Contacts added initially --> 40
Alert says: Are you sure you want to delete this contact?
Alert Accepted for Contact Deletion
No: of Contacts after deletion --> 39

Contact removed from the list Successfully
]]></system-out>
    <system-err><![CDATA[Jul 06, 2025 2:30:36 PM org.openqa.selenium.devtools.CdpVersionFinder findNearestMatch
WARNING: Unable to find an exact match for CDP version 138, returning the closest version; found: 137; Please update to a Selenium version that supports CDP version 138
]]></system-err>
  </testcase>
  <testcase name="Navigtn_Security" classname="tests.TC_003_AddContactTest" time="8.01">
    <failure message="The following asserts failed:&#10;	TestCase Failed - User navigates directly to “contact-list” without logging in expected [false] but found [true]" type="java.lang.AssertionError"><![CDATA[java.lang.AssertionError: 
The following asserts failed:
	TestCase Failed - User navigates directly to “contact-list” without logging in expected [false] but found [true]
	at org.testng.asserts.SoftAssert.assertAll(SoftAssert.java:46)
	at org.testng.asserts.SoftAssert.assertAll(SoftAssert.java:30)
	at pages.ContactList.Logout(ContactList.java:68)
	at tests.TC_003_AddContactTest.Navigtn_Security(TC_003_AddContactTest.java:88)
	at java.base/jdk.internal.reflect.DirectMethodHandleAccessor.invoke(DirectMethodHandleAccessor.java:103)
	at java.base/java.lang.reflect.Method.invoke(Method.java:580)
	at org.testng.internal.invokers.MethodInvocationHelper.invokeMethod(MethodInvocationHelper.java:141)
	at org.testng.internal.invokers.TestInvoker.invokeMethod(TestInvoker.java:687)
	at org.testng.internal.invokers.TestInvoker.invokeTestMethod(TestInvoker.java:230)
	at org.testng.internal.invokers.MethodRunner.runInSequence(MethodRunner.java:63)
	at org.testng.internal.invokers.TestInvoker$MethodInvocationAgent.invoke(TestInvoker.java:995)
	at org.testng.internal.invokers.TestInvoker.invokeTestMethods(TestInvoker.java:203)
	at org.testng.internal.invokers.TestMethodWorker.invokeTestMethods(TestMethodWorker.java:154)
	at org.testng.internal.invokers.TestMethodWorker.run(TestMethodWorker.java:134)
	at java.base/java.util.ArrayList.forEach(ArrayList.java:1596)
	at org.testng.TestRunner.privateRun(TestRunner.java:741)
	at org.testng.TestRunner.run(TestRunner.java:616)
	at org.testng.SuiteRunner.runTest(SuiteRunner.java:421)
	at org.testng.SuiteRunner.runSequentially(SuiteRunner.java:413)
	at org.testng.SuiteRunner.privateRun(SuiteRunner.java:373)
	at org.testng.SuiteRunner.run(SuiteRunner.java:312)
	at org.testng.SuiteRunnerWorker.runSuite(SuiteRunnerWorker.java:52)
	at org.testng.SuiteRunnerWorker.run(SuiteRunnerWorker.java:95)
	at org.testng.TestNG.runSuitesSequentially(TestNG.java:1274)
	at org.testng.TestNG.runSuitesLocally(TestNG.java:1208)
	at org.testng.TestNG.runSuites(TestNG.java:1112)
	at org.testng.TestNG.run(TestNG.java:1079)
	at org.apache.maven.surefire.testng.TestNGExecutor.run(TestNGExecutor.java:308)
	at org.apache.maven.surefire.testng.TestNGXmlTestSuite.execute(TestNGXmlTestSuite.java:71)
	at org.apache.maven.surefire.testng.TestNGProvider.invoke(TestNGProvider.java:113)
	at org.apache.maven.surefire.booter.ForkedBooter.runSuitesInProcess(ForkedBooter.java:385)
	at org.apache.maven.surefire.booter.ForkedBooter.execute(ForkedBooter.java:162)
	at org.apache.maven.surefire.booter.ForkedBooter.run(ForkedBooter.java:507)
	at org.apache.maven.surefire.booter.ForkedBooter.main(ForkedBooter.java:495)
]]></failure>
    <system-out><![CDATA[LOGOUT - FEATURE
Successfully Redirecting to Login_Page after Logout

CHECKING NAVIGATION
TestCase Failed

REFRESH - FEATURE
Contact List Page remains Successfully after refresh
]]></system-out>
    <system-err><![CDATA[Jul 06, 2025 2:31:06 PM org.openqa.selenium.devtools.CdpVersionFinder findNearestMatch
WARNING: Unable to find an exact match for CDP version 138, returning the closest version; found: 137; Please update to a Selenium version that supports CDP version 138
]]></system-err>
  </testcase>
  <testcase name="backFeature_Test" classname="tests.TC_003_AddContactTest" time="4.13">
    <failure message="The following asserts failed:&#10;	TestCase Failed - User can go back to contact-list page after Logout  expected [false] but found [true]" type="java.lang.AssertionError"><![CDATA[java.lang.AssertionError: 
The following asserts failed:
	TestCase Failed - User can go back to contact-list page after Logout  expected [false] but found [true]
	at org.testng.asserts.SoftAssert.assertAll(SoftAssert.java:46)
	at org.testng.asserts.SoftAssert.assertAll(SoftAssert.java:30)
	at pages.ContactList.backFeature(ContactList.java:85)
	at tests.TC_003_AddContactTest.backFeature_Test(TC_003_AddContactTest.java:99)
	at java.base/jdk.internal.reflect.DirectMethodHandleAccessor.invoke(DirectMethodHandleAccessor.java:103)
	at java.base/java.lang.reflect.Method.invoke(Method.java:580)
	at org.testng.internal.invokers.MethodInvocationHelper.invokeMethod(MethodInvocationHelper.java:141)
	at org.testng.internal.invokers.TestInvoker.invokeMethod(TestInvoker.java:687)
	at org.testng.internal.invokers.TestInvoker.invokeTestMethod(TestInvoker.java:230)
	at org.testng.internal.invokers.MethodRunner.runInSequence(MethodRunner.java:63)
	at org.testng.internal.invokers.TestInvoker$MethodInvocationAgent.invoke(TestInvoker.java:995)
	at org.testng.internal.invokers.TestInvoker.invokeTestMethods(TestInvoker.java:203)
	at org.testng.internal.invokers.TestMethodWorker.invokeTestMethods(TestMethodWorker.java:154)
	at org.testng.internal.invokers.TestMethodWorker.run(TestMethodWorker.java:134)
	at java.base/java.util.ArrayList.forEach(ArrayList.java:1596)
	at org.testng.TestRunner.privateRun(TestRunner.java:741)
	at org.testng.TestRunner.run(TestRunner.java:616)
	at org.testng.SuiteRunner.runTest(SuiteRunner.java:421)
	at org.testng.SuiteRunner.runSequentially(SuiteRunner.java:413)
	at org.testng.SuiteRunner.privateRun(SuiteRunner.java:373)
	at org.testng.SuiteRunner.run(SuiteRunner.java:312)
	at org.testng.SuiteRunnerWorker.runSuite(SuiteRunnerWorker.java:52)
	at org.testng.SuiteRunnerWorker.run(SuiteRunnerWorker.java:95)
	at org.testng.TestNG.runSuitesSequentially(TestNG.java:1274)
	at org.testng.TestNG.runSuitesLocally(TestNG.java:1208)
	at org.testng.TestNG.runSuites(TestNG.java:1112)
	at org.testng.TestNG.run(TestNG.java:1079)
	at org.apache.maven.surefire.testng.TestNGExecutor.run(TestNGExecutor.java:308)
	at org.apache.maven.surefire.testng.TestNGXmlTestSuite.execute(TestNGXmlTestSuite.java:71)
	at org.apache.maven.surefire.testng.TestNGProvider.invoke(TestNGProvider.java:113)
	at org.apache.maven.surefire.booter.ForkedBooter.runSuitesInProcess(ForkedBooter.java:385)
	at org.apache.maven.surefire.booter.ForkedBooter.execute(ForkedBooter.java:162)
	at org.apache.maven.surefire.booter.ForkedBooter.run(ForkedBooter.java:507)
	at org.apache.maven.surefire.booter.ForkedBooter.main(ForkedBooter.java:495)
]]></failure>
    <system-out><![CDATA[
CHECKING - BACK FEATURE
TestCase Failed
]]></system-out>
    <system-err><![CDATA[Jul 06, 2025 2:31:17 PM org.openqa.selenium.devtools.CdpVersionFinder findNearestMatch
WARNING: Unable to find an exact match for CDP version 138, returning the closest version; found: 137; Please update to a Selenium version that supports CDP version 138
]]></system-err>
  </testcase>
  <testcase name="UI_Location_Test" classname="tests.TC_003_AddContactTest" time="2.35">
    <failure message="The following asserts failed:&#10;	First name and Last Name are misaligned expected [true] but found [false]" type="java.lang.AssertionError"><![CDATA[java.lang.AssertionError: 
The following asserts failed:
	First name and Last Name are misaligned expected [true] but found [false]
	at org.testng.asserts.SoftAssert.assertAll(SoftAssert.java:46)
	at org.testng.asserts.SoftAssert.assertAll(SoftAssert.java:30)
	at pages.AddContact.UI_Location(AddContact.java:204)
	at tests.TC_003_AddContactTest.UI_Location_Test(TC_003_AddContactTest.java:110)
	at java.base/jdk.internal.reflect.DirectMethodHandleAccessor.invoke(DirectMethodHandleAccessor.java:103)
	at java.base/java.lang.reflect.Method.invoke(Method.java:580)
	at org.testng.internal.invokers.MethodInvocationHelper.invokeMethod(MethodInvocationHelper.java:141)
	at org.testng.internal.invokers.TestInvoker.invokeMethod(TestInvoker.java:687)
	at org.testng.internal.invokers.TestInvoker.invokeTestMethod(TestInvoker.java:230)
	at org.testng.internal.invokers.MethodRunner.runInSequence(MethodRunner.java:63)
	at org.testng.internal.invokers.TestInvoker$MethodInvocationAgent.invoke(TestInvoker.java:995)
	at org.testng.internal.invokers.TestInvoker.invokeTestMethods(TestInvoker.java:203)
	at org.testng.internal.invokers.TestMethodWorker.invokeTestMethods(TestMethodWorker.java:154)
	at org.testng.internal.invokers.TestMethodWorker.run(TestMethodWorker.java:134)
	at java.base/java.util.ArrayList.forEach(ArrayList.java:1596)
	at org.testng.TestRunner.privateRun(TestRunner.java:741)
	at org.testng.TestRunner.run(TestRunner.java:616)
	at org.testng.SuiteRunner.runTest(SuiteRunner.java:421)
	at org.testng.SuiteRunner.runSequentially(SuiteRunner.java:413)
	at org.testng.SuiteRunner.privateRun(SuiteRunner.java:373)
	at org.testng.SuiteRunner.run(SuiteRunner.java:312)
	at org.testng.SuiteRunnerWorker.runSuite(SuiteRunnerWorker.java:52)
	at org.testng.SuiteRunnerWorker.run(SuiteRunnerWorker.java:95)
	at org.testng.TestNG.runSuitesSequentially(TestNG.java:1274)
	at org.testng.TestNG.runSuitesLocally(TestNG.java:1208)
	at org.testng.TestNG.runSuites(TestNG.java:1112)
	at org.testng.TestNG.run(TestNG.java:1079)
	at org.apache.maven.surefire.testng.TestNGExecutor.run(TestNGExecutor.java:308)
	at org.apache.maven.surefire.testng.TestNGXmlTestSuite.execute(TestNGXmlTestSuite.java:71)
	at org.apache.maven.surefire.testng.TestNGProvider.invoke(TestNGProvider.java:113)
	at org.apache.maven.surefire.booter.ForkedBooter.runSuitesInProcess(ForkedBooter.java:385)
	at org.apache.maven.surefire.booter.ForkedBooter.execute(ForkedBooter.java:162)
	at org.apache.maven.surefire.booter.ForkedBooter.run(ForkedBooter.java:507)
	at org.apache.maven.surefire.booter.ForkedBooter.main(ForkedBooter.java:495)
]]></failure>
    <system-out><![CDATA[
CHECKING ALIGNMENT
Testcase Failed
]]></system-out>
    <system-err><![CDATA[Jul 06, 2025 2:31:26 PM org.openqa.selenium.devtools.CdpVersionFinder findNearestMatch
WARNING: Unable to find an exact match for CDP version 138, returning the closest version; found: 137; Please update to a Selenium version that supports CDP version 138
]]></system-err>
  </testcase>
  <testcase name="Toast_Message_Test" classname="tests.TC_003_AddContactTest" time="5.05">
    <failure message="The following asserts failed:&#10;	No success/Toast Message Shown expected [true] but found [false]" type="java.lang.AssertionError"><![CDATA[java.lang.AssertionError: 
The following asserts failed:
	No success/Toast Message Shown expected [true] but found [false]
	at org.testng.asserts.SoftAssert.assertAll(SoftAssert.java:46)
	at org.testng.asserts.SoftAssert.assertAll(SoftAssert.java:30)
	at pages.AddContact.testToastMessage(AddContact.java:225)
	at tests.TC_003_AddContactTest.Toast_Message_Test(TC_003_AddContactTest.java:121)
	at java.base/jdk.internal.reflect.DirectMethodHandleAccessor.invoke(DirectMethodHandleAccessor.java:103)
	at java.base/java.lang.reflect.Method.invoke(Method.java:580)
	at org.testng.internal.invokers.MethodInvocationHelper.invokeMethod(MethodInvocationHelper.java:141)
	at org.testng.internal.invokers.TestInvoker.invokeMethod(TestInvoker.java:687)
	at org.testng.internal.invokers.TestInvoker.invokeTestMethod(TestInvoker.java:230)
	at org.testng.internal.invokers.MethodRunner.runInSequence(MethodRunner.java:63)
	at org.testng.internal.invokers.TestInvoker$MethodInvocationAgent.invoke(TestInvoker.java:995)
	at org.testng.internal.invokers.TestInvoker.invokeTestMethods(TestInvoker.java:203)
	at org.testng.internal.invokers.TestMethodWorker.invokeTestMethods(TestMethodWorker.java:154)
	at org.testng.internal.invokers.TestMethodWorker.run(TestMethodWorker.java:134)
	at java.base/java.util.ArrayList.forEach(ArrayList.java:1596)
	at org.testng.TestRunner.privateRun(TestRunner.java:741)
	at org.testng.TestRunner.run(TestRunner.java:616)
	at org.testng.SuiteRunner.runTest(SuiteRunner.java:421)
	at org.testng.SuiteRunner.runSequentially(SuiteRunner.java:413)
	at org.testng.SuiteRunner.privateRun(SuiteRunner.java:373)
	at org.testng.SuiteRunner.run(SuiteRunner.java:312)
	at org.testng.SuiteRunnerWorker.runSuite(SuiteRunnerWorker.java:52)
	at org.testng.SuiteRunnerWorker.run(SuiteRunnerWorker.java:95)
	at org.testng.TestNG.runSuitesSequentially(TestNG.java:1274)
	at org.testng.TestNG.runSuitesLocally(TestNG.java:1208)
	at org.testng.TestNG.runSuites(TestNG.java:1112)
	at org.testng.TestNG.run(TestNG.java:1079)
	at org.apache.maven.surefire.testng.TestNGExecutor.run(TestNGExecutor.java:308)
	at org.apache.maven.surefire.testng.TestNGXmlTestSuite.execute(TestNGXmlTestSuite.java:71)
	at org.apache.maven.surefire.testng.TestNGProvider.invoke(TestNGProvider.java:113)
	at org.apache.maven.surefire.booter.ForkedBooter.runSuitesInProcess(ForkedBooter.java:385)
	at org.apache.maven.surefire.booter.ForkedBooter.execute(ForkedBooter.java:162)
	at org.apache.maven.surefire.booter.ForkedBooter.run(ForkedBooter.java:507)
	at org.apache.maven.surefire.booter.ForkedBooter.main(ForkedBooter.java:495)
]]></failure>
    <system-out><![CDATA[
TOAST-MESSAGE FEATURE
Testcase Failed
]]></system-out>
    <system-err><![CDATA[Jul 06, 2025 2:31:32 PM org.openqa.selenium.devtools.CdpVersionFinder findNearestMatch
WARNING: Unable to find an exact match for CDP version 138, returning the closest version; found: 137; Please update to a Selenium version that supports CDP version 138
]]></system-err>
  </testcase>
  <testcase name="Max_Character_Test" classname="tests.TC_003_AddContactTest" time="3.151">
    <failure message="The following asserts failed:&#10;	Field accepted more than 300 characters expected [true] but found [false]" type="java.lang.AssertionError"><![CDATA[java.lang.AssertionError: 
The following asserts failed:
	Field accepted more than 300 characters expected [true] but found [false]
	at org.testng.asserts.SoftAssert.assertAll(SoftAssert.java:46)
	at org.testng.asserts.SoftAssert.assertAll(SoftAssert.java:30)
	at pages.AddContact.Verify_MaxChar(AddContact.java:241)
	at tests.TC_003_AddContactTest.Max_Character_Test(TC_003_AddContactTest.java:132)
	at java.base/jdk.internal.reflect.DirectMethodHandleAccessor.invoke(DirectMethodHandleAccessor.java:103)
	at java.base/java.lang.reflect.Method.invoke(Method.java:580)
	at org.testng.internal.invokers.MethodInvocationHelper.invokeMethod(MethodInvocationHelper.java:141)
	at org.testng.internal.invokers.TestInvoker.invokeMethod(TestInvoker.java:687)
	at org.testng.internal.invokers.TestInvoker.invokeTestMethod(TestInvoker.java:230)
	at org.testng.internal.invokers.MethodRunner.runInSequence(MethodRunner.java:63)
	at org.testng.internal.invokers.TestInvoker$MethodInvocationAgent.invoke(TestInvoker.java:995)
	at org.testng.internal.invokers.TestInvoker.invokeTestMethods(TestInvoker.java:203)
	at org.testng.internal.invokers.TestMethodWorker.invokeTestMethods(TestMethodWorker.java:154)
	at org.testng.internal.invokers.TestMethodWorker.run(TestMethodWorker.java:134)
	at java.base/java.util.ArrayList.forEach(ArrayList.java:1596)
	at org.testng.TestRunner.privateRun(TestRunner.java:741)
	at org.testng.TestRunner.run(TestRunner.java:616)
	at org.testng.SuiteRunner.runTest(SuiteRunner.java:421)
	at org.testng.SuiteRunner.runSequentially(SuiteRunner.java:413)
	at org.testng.SuiteRunner.privateRun(SuiteRunner.java:373)
	at org.testng.SuiteRunner.run(SuiteRunner.java:312)
	at org.testng.SuiteRunnerWorker.runSuite(SuiteRunnerWorker.java:52)
	at org.testng.SuiteRunnerWorker.run(SuiteRunnerWorker.java:95)
	at org.testng.TestNG.runSuitesSequentially(TestNG.java:1274)
	at org.testng.TestNG.runSuitesLocally(TestNG.java:1208)
	at org.testng.TestNG.runSuites(TestNG.java:1112)
	at org.testng.TestNG.run(TestNG.java:1079)
	at org.apache.maven.surefire.testng.TestNGExecutor.run(TestNGExecutor.java:308)
	at org.apache.maven.surefire.testng.TestNGXmlTestSuite.execute(TestNGXmlTestSuite.java:71)
	at org.apache.maven.surefire.testng.TestNGProvider.invoke(TestNGProvider.java:113)
	at org.apache.maven.surefire.booter.ForkedBooter.runSuitesInProcess(ForkedBooter.java:385)
	at org.apache.maven.surefire.booter.ForkedBooter.execute(ForkedBooter.java:162)
	at org.apache.maven.surefire.booter.ForkedBooter.run(ForkedBooter.java:507)
	at org.apache.maven.surefire.booter.ForkedBooter.main(ForkedBooter.java:495)
]]></failure>
    <system-out><![CDATA[CHECKING MAX-CHAR - FEATURE
Field did not accept more than 300 characters
]]></system-out>
    <system-err><![CDATA[Jul 06, 2025 2:31:40 PM org.openqa.selenium.devtools.CdpVersionFinder findNearestMatch
WARNING: Unable to find an exact match for CDP version 138, returning the closest version; found: 137; Please update to a Selenium version that supports CDP version 138
]]></system-err>
  </testcase>
  <testcase name="Emoji_Verification_Test" classname="tests.TC_003_AddContactTest" time="4.211">
    <system-out><![CDATA[
VERIFYING EMOJI - FEATURE
System accepts and displays added Emoji's correctly
]]></system-out>
    <system-err><![CDATA[Jul 06, 2025 2:31:47 PM org.openqa.selenium.devtools.CdpVersionFinder findNearestMatch
WARNING: Unable to find an exact match for CDP version 138, returning the closest version; found: 137; Please update to a Selenium version that supports CDP version 138
]]></system-err>
  </testcase>
</testsuite>